PocketWorld/app/build/outputs/logs/manifest-merger-release-report.txt
-- Merging decision tree log ---
manifest
ADDED from src\main\AndroidManifest.xml:2:1-142:12
	package
		ADDED from src\main\AndroidManifest.xml:3:5-49
		INJECTED from src\main\AndroidManifest.xml
		INJECTED from src\main\AndroidManifest.xml
	android:versionName
		ADDED from src\main\AndroidManifest.xml:5:5-30
		INJECTED from src\main\AndroidManifest.xml
		INJECTED from src\main\AndroidManifest.xml
	android:versionCode
		ADDED from src\main\AndroidManifest.xml:4:5-30
		INJECTED from src\main\AndroidManifest.xml
		INJECTED from src\main\AndroidManifest.xml
	xmlns:android
		ADDED from src\main\AndroidManifest.xml:2:11-69
uses-sdk
ADDED from src\main\AndroidManifest.xml:14:5-74
	android:targetSdkVersion
		ADDED from src\main\AndroidManifest.xml:14:42-71
		INJECTED from src\main\AndroidManifest.xml
		INJECTED from src\main\AndroidManifest.xml
	android:minSdkVersion
		ADDED from src\main\AndroidManifest.xml:14:15-41
		INJECTED from src\main\AndroidManifest.xml
		INJECTED from src\main\AndroidManifest.xml
uses-feature#0x00020000
ADDED from src\main\AndroidManifest.xml:16:5-54
	android:glEsVersion
		ADDED from src\main\AndroidManifest.xml:16:19-51
uses-feature#android.hardware.camera
ADDED from src\main\AndroidManifest.xml:32:5-60
	android:name
		ADDED from src\main\AndroidManifest.xml:32:19-57
uses-permission#android.permission.CAMERA
ADDED from src\main\AndroidManifest.xml:37:5-65
	android:name
		ADDED from src\main\AndroidManifest.xml:37:22-62
uses-permission#android.permission.INTERNET
ADDED from src\main\AndroidManifest.xml:42:5-66
	android:name
		ADDED from src\main\AndroidManifest.xml:42:22-64
uses-permission#android.permission.ACCESS_NETWORK_STATE
ADDED from src\main\AndroidManifest.xml:48:5-79
	android:name
		ADDED from src\main\AndroidManifest.xml:48:22-76
uses-permission#android.permission.READ_EXTERNAL_STORAGE
ADDED from src\main\AndroidManifest.xml:50:5-79
	android:name
		ADDED from src\main\AndroidManifest.xml:50:22-77
uses-permission#android.permission.ACCESS_FINE_LOCATION
ADDED from src\main\AndroidManifest.xml:54:5-79
	android:name
		ADDED from src\main\AndroidManifest.xml:54:22-76
uses-permission#android.permission.ACCESS_COARSE_LOCATION
ADDED from src\main\AndroidManifest.xml:56:5-81
	android:name
		ADDED from src\main\AndroidManifest.xml:56:22-78
application
ADDED from src\main\AndroidManifest.xml:67:5-140:19
	android:label
		ADDED from src\main\AndroidManifest.xml:69:9-41
	android:launchMode
		ADDED from src\main\AndroidManifest.xml:70:9-40
	android:allowBackup
		ADDED from src\main\AndroidManifest.xml:71:9-35
	android:icon
		ADDED from src\main\AndroidManifest.xml:68:9-38
	android:theme
		ADDED from src\main\AndroidManifest.xml:72:9-47
activity#com.vuforia.samples.VuforiaSamples.ui.ActivityList.SplashScreenActivity
ADDED from src\main\AndroidManifest.xml:91:10-102:21
	android:screenOrientation
		ADDED from src\main\AndroidManifest.xml:94:13-49
	android:noHistory
		ADDED from src\main\AndroidManifest.xml:95:13-37
	android:configChanges
		ADDED from src\main\AndroidManifest.xml:93:13-93
	android:name
		ADDED from src\main\AndroidManifest.xml:92:13-65
intent-filter#android.intent.action.MAIN+android.intent.category.LAUNCHER
ADDED from src\main\AndroidManifest.xml:97:13-101:29
action#android.intent.action.MAIN
ADDED from src\main\AndroidManifest.xml:98:17-69
	android:name
		ADDED from src\main\AndroidManifest.xml:98:25-66
category#android.intent.category.LAUNCHER
ADDED from src\main\AndroidManifest.xml:100:17-77
	android:name
		ADDED from src\main\AndroidManifest.xml:100:27-74
activity#com.vuforia.samples.VuforiaSamples.ui.ActivityList.ActivityLauncher
ADDED from src\main\AndroidManifest.xml:104:9-109:20
	android:screenOrientation
		ADDED from src\main\AndroidManifest.xml:107:13-49
	android:configChanges
		ADDED from src\main\AndroidManifest.xml:106:13-93
	android:name
		ADDED from src\main\AndroidManifest.xml:105:13-61
activity#com.vuforia.samples.VuforiaSamples.app.ARCamera.ARCamera
ADDED from src\main\AndroidManifest.xml:111:9-117:20
	android:launchMode
		ADDED from src\main\AndroidManifest.xml:115:13-44
	android:configChanges
		ADDED from src\main\AndroidManifest.xml:113:13-93
	android:theme
		ADDED from src\main\AndroidManifest.xml:114:13-51
	android:name
		ADDED from src\main\AndroidManifest.xml:112:13-50
activity#com.vuforia.samples.VuforiaSamples.ui.ActivityList.LandmarkInfoActivity
ADDED from src\main\AndroidManifest.xml:118:9-124:20
	android:launchMode
		ADDED from src\main\AndroidManifest.xml:122:13-44
	android:configChanges
		ADDED from src\main\AndroidManifest.xml:120:13-93
	android:theme
		ADDED from src\main\AndroidManifest.xml:121:13-51
	android:name
		ADDED from src\main\AndroidManifest.xml:119:13-65
activity#com.vuforia.samples.VuforiaSamples.ui.ActivityList.SearchLandmarkActivity
ADDED from src\main\AndroidManifest.xml:125:9-131:20
	android:launchMode
		ADDED from src\main\AndroidManifest.xml:129:13-44
	android:configChanges
		ADDED from src\main\AndroidManifest.xml:127:13-93
	android:theme
		ADDED from src\main\AndroidManifest.xml:128:13-51
	android:name
		ADDED from src\main\AndroidManifest.xml:126:13-67
activity#com.vuforia.samples.VuforiaSamples.ui.ActivityList.ClosestLandmarksActivity
ADDED from src\main\AndroidManifest.xml:132:9-138:20
	android:launchMode
		ADDED from src\main\AndroidManifest.xml:136:13-44
	android:configChanges
		ADDED from src\main\AndroidManifest.xml:134:13-93
	android:theme
		ADDED from src\main\AndroidManifest.xml:135:13-51
	android:name
		ADDED from src\main\AndroidManifest.xml:133:13-69